This is pdfTeXk, Version 3.1415926-1.40.9 (Web2C 7.5.7) (format=pdflatex 2009.9.26)  7 OCT 2013 17:40
entering extended mode
 %&-line parsing enabled.
**main.tex
(./main.tex
LaTeX2e <2005/12/01>
Babel <v3.8l> and hyphenation patterns for english, usenglishmax, dumylang, noh
yphenation, german-x-2008-06-18, ngerman-x-2008-06-18, ancientgreek, ibycus, ar
abic, basque, bulgarian, catalan, pinyin, coptic, croatian, czech, danish, dutc
h, esperanto, estonian, farsi, finnish, french, galician, german, ngerman, mono
greek, greek, hungarian, icelandic, indonesian, interlingua, irish, italian, la
tin, lithuanian, mongolian, mongolian2a, bokmal, nynorsk, polish, portuguese, r
omanian, russian, sanskrit, serbian, slovak, slovenian, spanish, swedish, turki
sh, ukenglish, ukrainian, uppersorbian, welsh, loaded.
(./elsarticle.cls
Document Class: elsarticle 2009/09/17, 1.20b: Elsevier Ltd
\@bls=\dimen102
(/usr/local/texlive/2008/texmf-dist/tex/latex/base/article.cls
Document Class: article 2005/09/16 v1.4f Standard LaTeX document class
(/usr/local/texlive/2008/texmf-dist/tex/latex/base/size12.clo
File: size12.clo 2005/09/16 v1.4f Standard LaTeX file (size option)
)
\c@part=\count79
\c@section=\count80
\c@subsection=\count81
\c@subsubsection=\count82
\c@paragraph=\count83
\c@subparagraph=\count84
\c@figure=\count85
\c@table=\count86
\abovecaptionskip=\skip41
\belowcaptionskip=\skip42
\bibindent=\dimen103
)
(/usr/local/texlive/2008/texmf-dist/tex/latex/graphics/graphicx.sty
Package: graphicx 1999/02/16 v1.0f Enhanced LaTeX Graphics (DPC,SPQR)

(/usr/local/texlive/2008/texmf-dist/tex/latex/graphics/keyval.sty
Package: keyval 1999/03/16 v1.13 key=value parser (DPC)
\KV@toks@=\toks14
)
(/usr/local/texlive/2008/texmf-dist/tex/latex/graphics/graphics.sty
Package: graphics 2006/02/20 v1.0o Standard LaTeX Graphics (DPC,SPQR)

(/usr/local/texlive/2008/texmf-dist/tex/latex/graphics/trig.sty
Package: trig 1999/03/16 v1.09 sin cos tan (DPC)
)
(/usr/local/texlive/2008/texmf/tex/latex/config/graphics.cfg
File: graphics.cfg 2007/01/18 v1.5 graphics configuration of teTeX/TeXLive
)
Package graphics Info: Driver file: pdftex.def on input line 90.

(/usr/local/texlive/2008/texmf-dist/tex/latex/pdftex-def/pdftex.def
File: pdftex.def 2008/09/08 v0.04l Graphics/color for pdfTeX
\Gread@gobject=\count87
))
\Gin@req@height=\dimen104
\Gin@req@width=\dimen105
)
(/usr/local/texlive/2008/texmf-dist/tex/latex/psnfss/pifont.sty
Package: pifont 2005/04/12 PSNFSS-v9.2a Pi font support (SPQR) 
LaTeX Font Info:    Try loading font information for U+pzd on input line 63.

(/usr/local/texlive/2008/texmf-dist/tex/latex/psnfss/upzd.fd
File: upzd.fd 2001/06/04 font definitions for U/pzd.
)
LaTeX Font Info:    Try loading font information for U+psy on input line 64.

(/usr/local/texlive/2008/texmf-dist/tex/latex/psnfss/upsy.fd
File: upsy.fd 2001/06/04 font definitions for U/psy.
))
\c@tnote=\count88
\c@fnote=\count89
\c@cnote=\count90
\c@ead=\count91
\c@author=\count92
\@eadauthor=\toks15
\c@affn=\count93
\absbox=\box26
\keybox=\box27
\Columnwidth=\dimen106
\space@left=\dimen107
\els@boxa=\box28
\els@boxb=\box29
\leftMargin=\dimen108
\@enLab=\toks16
\@sep=\skip43
\@@sep=\skip44
 (./main.spl)
(/usr/local/texlive/2008/texmf-dist/tex/latex/natbib/natbib.sty
Package: natbib 2009/02/02 8.3 (PWD, AO)
\bibhang=\skip45
\bibsep=\skip46
LaTeX Info: Redefining \cite on input line 694.
\c@NAT@ctr=\count94
)
\splwrite=\write3
\openout3 = `main.spl'.

\appnamewidth=\dimen109
)
(/usr/local/texlive/2008/texmf-dist/tex/latex/geometry/geometry.sty
Package: geometry 2008/12/21 v4.2 Page Geometry

(/usr/local/texlive/2008/texmf-dist/tex/generic/oberdiek/ifpdf.sty
Package: ifpdf 2007/12/12 v1.6 Provides the ifpdf switch (HO)
Package ifpdf Info: pdfTeX in pdf mode detected.
)
(/usr/local/texlive/2008/texmf-dist/tex/generic/oberdiek/ifvtex.sty
Package: ifvtex 2008/11/04 v1.4 Switches for detecting VTeX and its modes (HO)
Package ifvtex Info: VTeX not detected.
)
\Gm@cnth=\count95
\Gm@cntv=\count96
\c@Gm@tempcnt=\count97
\Gm@bindingoffset=\dimen110
\Gm@wd@mp=\dimen111
\Gm@odd@mp=\dimen112
\Gm@even@mp=\dimen113
\Gm@dimlist=\toks17

(/usr/local/texlive/2008/texmf-dist/tex/xelatex/xetexconfig/geometry.cfg))
(/usr/local/texlive/2008/texmf-dist/tex/latex/amsfonts/amssymb.sty
Package: amssymb 2002/01/22 v2.2d

(/usr/local/texlive/2008/texmf-dist/tex/latex/amsfonts/amsfonts.sty
Package: amsfonts 2001/10/25 v2.2f
\@emptytoks=\toks18
\symAMSa=\mathgroup4
\symAMSb=\mathgroup5
LaTeX Font Info:    Overwriting math alphabet `\mathfrak' in version `bold'
(Font)                  U/euf/m/n --> U/euf/b/n on input line 132.
))
(/usr/local/texlive/2008/texmf-dist/tex/latex/oberdiek/epstopdf.sty
Package: epstopdf 2008/05/06 v1.7 Conversion with epstopdf on the fly (HO)

(/usr/local/texlive/2008/texmf-dist/tex/generic/oberdiek/infwarerr.sty
Package: infwarerr 2007/09/09 v1.2 Providing info/warning/message (HO)
)
(/usr/local/texlive/2008/texmf-dist/tex/latex/oberdiek/grfext.sty
Package: grfext 2007/09/30 v1.0 Managing graphics extensions (HO)
)
(/usr/local/texlive/2008/texmf-dist/tex/latex/oberdiek/kvoptions.sty
Package: kvoptions 2007/10/18 v3.0 Keyval support for LaTeX options (HO)
)
(/usr/local/texlive/2008/texmf-dist/tex/generic/oberdiek/pdftexcmds.sty
Package: pdftexcmds 2007/12/12 v0.3 LuaTeX support for pdfTeX utility functions
 (HO)
Package pdftexcmds Info: LuaTeX not detected on input line 139.
)

Package epstopdf Warning: Shell escape feature is not enabled.

Package grfext Info: Graphics extension search list:
(grfext)             [.png,.pdf,.jpg,.mps,.jpeg,.jbig2,.jb2,.PNG,.PDF,.JPG,.JPE
G,.JBIG2,.JB2,.eps]
(grfext)             \AppendGraphicsExtensions on input line 323.
) (./main.aux)
\openout1 = `main.aux'.

LaTeX Font Info:    Checking defaults for OML/cmm/m/it on input line 84.
LaTeX Font Info:    ... okay on input line 84.
LaTeX Font Info:    Checking defaults for T1/cmr/m/n on input line 84.
LaTeX Font Info:    ... okay on input line 84.
LaTeX Font Info:    Checking defaults for OT1/cmr/m/n on input line 84.
LaTeX Font Info:    ... okay on input line 84.
LaTeX Font Info:    Checking defaults for OMS/cmsy/m/n on input line 84.
LaTeX Font Info:    ... okay on input line 84.
LaTeX Font Info:    Checking defaults for OMX/cmex/m/n on input line 84.
LaTeX Font Info:    ... okay on input line 84.
LaTeX Font Info:    Checking defaults for U/cmr/m/n on input line 84.
LaTeX Font Info:    ... okay on input line 84.

(/usr/local/texlive/2008/texmf-dist/tex/context/base/supp-pdf.tex
[Loading MPS to PDF converter (version 2006.09.02).]
\scratchcounter=\count98
\scratchdimen=\dimen114
\scratchbox=\box30
\nofMPsegments=\count99
\nofMParguments=\count100
\everyMPshowfont=\toks19
\MPscratchCnt=\count101
\MPscratchDim=\dimen115
\MPnumerator=\count102
\everyMPtoPDFconversion=\toks20
)
*geometry auto-detecting driver*
*geometry detected driver: pdftex*
-------------------- Geometry parameters
paper: class default
landscape: --
twocolumn: --
twoside: --
asymmetric: --
h-parts: 92.14519pt, 0.7\paperwidth , 92.14519pt (default)
v-parts: 95.39737pt, 0.7\paperheight , 143.09605pt (default)
hmarginratio: 1:1
vmarginratio: 2:3
lines: --
heightrounded: --
bindingoffset: 0.0pt
truedimen: --
includehead: --
includefoot: --
includemp: --
driver: pdftex
-------------------- Page layout dimensions and switches
\paperwidth  614.295pt
\paperheight 794.96999pt
\textwidth  430.00462pt
\textheight 556.47656pt
\oddsidemargin  19.8752pt
\evensidemargin 19.8752pt
\topmargin  -13.87262pt
\headheight 12.0pt
\headsep    25.0pt
\footskip   30.0pt
\marginparwidth 44.0pt
\marginparsep   10.0pt
\columnsep  10.0pt
\skip\footins  24.0pt
\hoffset 0.0pt
\voffset 0.0pt
\mag 1000

(1in=72.27pt, 1cm=28.45pt)
-----------------------
LaTeX Font Info:    Try loading font information for U+msa on input line 145.
(/usr/local/texlive/2008/texmf-dist/tex/latex/amsfonts/umsa.fd
File: umsa.fd 2002/01/19 v2.2g AMS font definitions
)
LaTeX Font Info:    Try loading font information for U+msb on input line 145.

(/usr/local/texlive/2008/texmf-dist/tex/latex/amsfonts/umsb.fd
File: umsb.fd 2002/01/19 v2.2g AMS font definitions
) (./1-intro.tex

Package natbib Warning: Citation `mda' on page 1 undefined on input line 3.

[1


{/usr/local/texlive/2008/texmf-var/fonts/map/pdftex/updmap/pdftex.map}]

Package natbib Warning: Citation `MDDvariosAqui' on page 2 undefined on input l
ine 24.


Package natbib Warning: Citation `Papazoglou2007' on page 2 undefined on input 
line 27.


Package natbib Warning: Citation `??' on page 2 undefined on input line 27.


Package natbib Warning: Citation `1' on page 2 undefined on input line 36.

[2]
! Undefined control sequence.
l.65 \COMMENT
             {
The control sequence at the end of the top line
of your error message was never \def'ed. If you have
misspelled it (e.g., `\hobx'), type `I' and the correct
spelling (e.g., `I\hbox'). Otherwise just continue,
and I'll forget about whatever was undefined.


Package natbib Warning: Citation `ws-co' on page 3 undefined on input line 69.


Package natbib Warning: Citation `ws-tra' on page 3 undefined on input line 69.



Package natbib Warning: Citation `wsdl' on page 3 undefined on input line 72.


Package natbib Warning: Citation `rest' on page 3 undefined on input line 72.


Package natbib Warning: Citation `bpel03' on page 3 undefined on input line 73.


[3]

Package natbib Warning: Citation `Papazoglou2007' on page 4 undefined on input 
line 130.


Package natbib Warning: Citation `ws-co' on page 4 undefined on input line 142.



Package natbib Warning: Citation `ws-tra' on page 4 undefined on input line 142
.


Package natbib Warning: Citation `TsadimasNA12' on page 4 undefined on input li
ne 143.

[4]

Package natbib Warning: Citation `1' on page 5 undefined on input line 162.

[5] <figs/piSODM.png, id=26, 761.84625pt x 445.665pt>
File: figs/piSODM.png Graphic file (type png)
 <use figs/piSODM.png>

LaTeX Warning: `h' float specifier changed to `ht'.

[6]
Overfull \hbox (1.90302pt too wide) in paragraph at lines 253--263
[]\OT1/cmr/m/n/12 The $\OML/cmm/m/it/12 ^^Y$\OT1/cmr/m/it/12 -UseCase \OT1/cmr/
m/n/12 meta-model de-scribes func-tional and non-functional re-quire-ments.
 []

[7 <./figs/piSODM.png (PNG copy)>]

Package natbib Warning: Citation `BaCAM05' on page 8 undefined on input line 26
6.

) (./2-modeling.tex

Package natbib Warning: Citation `1' on page 8 undefined on input line 30.


Package natbib Warning: Citation `decastro2' on page 8 undefined on input line 
35.

Missing character: There is no Ã in font cmr12!
Missing character: There is no • in font cmr12!
Missing character: There is no Ã in font cmr12!
Missing character: There is no • in font cmr12!
Missing character: There is no Ã in font cmr12!
Missing character: There is no • in font cmr12!
<figs/SODM.pdf, id=37, 731.73375pt x 394.47375pt>
File: figs/SODM.pdf Graphic file (type pdf)
 <use figs/SODM.pdf>

Package natbib Warning: Citation `e3value' on page 8 undefined on input line 43
.

[8] [9 <./figs/SODM.pdf>]) (./3-metamodel.tex [10]
LaTeX Font Info:    Try loading font information for OMS+cmr on input line 6.

(/usr/local/texlive/2008/texmf-dist/tex/latex/base/omscmr.fd
File: omscmr.fd 1999/05/25 v2.5h Standard LaTeX font definitions
)
LaTeX Font Info:    Font shape `OMS/cmr/m/n' in size <12> not available
(Font)              Font shape `OMS/cmsy/m/n' tried instead on input line 6.

<figs/E-service-composition-metamodel.pdf, id=105, 614.295pt x 409.53pt>
File: figs/E-service-composition-metamodel.pdf Graphic file (type pdf)

<use figs/E-service-composition-metamodel.pdf> [11]

Package natbib Warning: Citation `CIC:eovszmc09c' on page 12 undefined on input
 line 23.

<figs/e-composition-model.pdf, id=111, 721.69624pt x 502.87875pt>
File: figs/e-composition-model.pdf Graphic file (type pdf)

<use figs/e-composition-model.pdf> [12 <./figs/E-service-composition-metamodel.
pdf>] [13 <./figs/e-composition-model.pdf>]

Package natbib Warning: Citation `BaAM06' on page 14 undefined on input line 52
.

<figs/PEWSMetamodel.pdf, id=385, 694.595pt x 356.33125pt>
File: figs/PEWSMetamodel.pdf Graphic file (type pdf)

<use figs/PEWSMetamodel.pdf> [14] [15 <./figs/PEWSMetamodel.pdf>]
<figs/Mapping-1.pdf, id=415, 1137.24875pt x 698.61pt>
File: figs/Mapping-1.pdf Graphic file (type pdf)
 <use figs/Mapping-1.pdf>
[16]) (./4-implementation.tex
<figs/architecture.pdf, id=420, 508.90125pt x 495.8525pt>
File: figs/architecture.pdf Graphic file (type pdf)

<use figs/architecture.pdf> [17 <./figs/Mapping-1.pdf>] [18 <./figs/architectur
e.pdf>] [19]) (./5-relworks.tex

Package natbib Warning: Citation `helga2' on page 20 undefined on input line 8.



Package natbib Warning: Citation `samy' on page 20 undefined on input line 10.


Package natbib Warning: Citation `Vid04' on page 20 undefined on input line 12.



Package natbib Warning: Citation `schuldt-etal-TODS' on page 20 undefined on in
put line 13.

[20]

Package natbib Warning: Citation `cdl2006' on page 21 undefined on input line 2
2.


Package natbib Warning: Citation `FeuerlichtM05' on page 21 undefined on input 
line 22.


Package natbib Warning: Citation `HL05TACoS' on page 21 undefined on input line
 24.


Package natbib Warning: Citation `cdl2006' on page 21 undefined on input line 2
5.

) [21] (./6-conclusions.tex) (./main.bbl [22] [23])

Package natbib Warning: There were undefined citations.

[24] (./main.aux)

LaTeX Warning: Label(s) may have changed. Rerun to get cross-references right.

 ) 
Here is how much of TeX's memory you used:
 2583 strings out of 493876
 34055 string characters out of 1150568
 88425 words of memory out of 3000000
 5783 multiletter control sequences out of 10000+50000
 19415 words of font info for 72 fonts, out of 3000000 for 5000
 714 hyphenation exceptions out of 8191
 32i,8n,30p,1044b,254s stack positions out of 5000i,500n,10000p,200000b,50000s
</usr/local/texlive/2008/texmf-dist/fonts/type1/bluesky/cm/cmbx10.pfb></usr/l
ocal/texlive/2008/texmf-dist/fonts/type1/bluesky/cm/cmbx12.pfb></usr/local/texl
ive/2008/texmf-dist/fonts/type1/bluesky/cm/cmcsc10.pfb></usr/local/texlive/2008
/texmf-dist/fonts/type1/bluesky/cm/cmmi10.pfb></usr/local/texlive/2008/texmf-di
st/fonts/type1/bluesky/cm/cmmi12.pfb></usr/local/texlive/2008/texmf-dist/fonts/
type1/bluesky/cm/cmmib10.pfb></usr/local/texlive/2008/texmf-dist/fonts/type1/bl
uesky/cm/cmr10.pfb></usr/local/texlive/2008/texmf-dist/fonts/type1/bluesky/cm/c
mr12.pfb></usr/local/texlive/2008/texmf-dist/fonts/type1/bluesky/cm/cmr17.pfb><
/usr/local/texlive/2008/texmf-dist/fonts/type1/bluesky/cm/cmr7.pfb></usr/local/
texlive/2008/texmf-dist/fonts/type1/bluesky/cm/cmr8.pfb></usr/local/texlive/200
8/texmf-dist/fonts/type1/bluesky/cm/cmss10.pfb></usr/local/texlive/2008/texmf-d
ist/fonts/type1/bluesky/cm/cmss12.pfb></usr/local/texlive/2008/texmf-dist/fonts
/type1/bluesky/cm/cmsy10.pfb></usr/local/texlive/2008/texmf-dist/fonts/type1/bl
uesky/cm/cmti10.pfb></usr/local/texlive/2008/texmf-dist/fonts/type1/bluesky/cm/
cmti12.pfb></usr/local/texlive/2008/texmf-dist/fonts/type1/bluesky/cm/cmti7.pfb
>
Output written on main.pdf (24 pages, 1311925 bytes).
PDF statistics:
 888 PDF objects out of 1000 (max. 8388607)
 0 named destinations out of 1000 (max. 131072)
 36 words of extra memory for PDF output out of 10000 (max. 10000000)

