This is pdfTeX, Version 3.14159265-2.6-1.40.16 (TeX Live 2015) (preloaded format=pdflatex 2015.10.22)  8 APR 2016 11:51
entering extended mode
 restricted \write18 enabled.
 %&-line parsing enabled.
**"sample (single col).tex"
(./sample (single col).tex
LaTeX2e <2015/10/01> patch level 1
Babel <3.9m> and hyphenation patterns for 79 languages loaded.
(./singlecol-new.cls

LaTeX Warning: You have requested document class `singlecol-new',
               but the document class provides `singlecol'.

Document Class: singlecol 1998/05/05 v1.3y Standard LaTeX document class
(/usr/local/texlive/2015/texmf-dist/tex/generic/epsf/epsf.sty
This is `epsf.tex' v2.7.4 <14 February 2011>
\epsffilein=\read1
\epsfframemargin=\dimen102
\epsfframethickness=\dimen103
\epsfrsize=\dimen104
\epsftmp=\dimen105
\epsftsize=\dimen106
\epsfxsize=\dimen107
\epsfysize=\dimen108
\pspoints=\dimen109
) (/usr/local/texlive/2015/texmf-dist/tex/latex/base/ifthen.sty
Package: ifthen 2014/09/29 v1.1c Standard LaTeX ifthen package (DPC)
)
(/usr/local/texlive/2015/texmf-dist/tex/latex/tools/dcolumn.sty
Package: dcolumn 2014/10/28 v1.06 decimal alignment package (DPC)

(/usr/local/texlive/2015/texmf-dist/tex/latex/tools/array.sty
Package: array 2014/10/28 v2.4c Tabular extension package (FMi)
\col@sep=\dimen110
\extrarowheight=\dimen111
\NC@list=\toks14
\extratabsurround=\skip41
\backup@length=\skip42
))
(/usr/local/texlive/2015/texmf-dist/tex/latex/graphics/graphics.sty
Package: graphics 2014/10/28 v1.0p Standard LaTeX Graphics (DPC,SPQR)

(/usr/local/texlive/2015/texmf-dist/tex/latex/graphics/trig.sty
Package: trig 1999/03/16 v1.09 sin cos tan (DPC)
)
(/usr/local/texlive/2015/texmf-dist/tex/latex/latexconfig/graphics.cfg
File: graphics.cfg 2010/04/23 v1.9 graphics configuration of TeX Live
)
Package graphics Info: Driver file: pdftex.def on input line 94.

(/usr/local/texlive/2015/texmf-dist/tex/latex/pdftex-def/pdftex.def
File: pdftex.def 2011/05/27 v0.06d Graphics/color for pdfTeX

(/usr/local/texlive/2015/texmf-dist/tex/generic/oberdiek/infwarerr.sty
Package: infwarerr 2010/04/08 v1.3 Providing info/warning/error messages (HO)
)
(/usr/local/texlive/2015/texmf-dist/tex/generic/oberdiek/ltxcmds.sty
Package: ltxcmds 2011/11/09 v1.22 LaTeX kernel commands for general use (HO)
)
\Gread@gobject=\count79
))
(/usr/local/texlive/2015/texmf-dist/tex/latex/base/leqno.sty

LaTeX Warning: inputting `leqno.clo' instead of obsolete `leqno.sty'.

(/usr/local/texlive/2015/texmf-dist/tex/latex/base/leqno.clo
File: leqno.clo 2015/03/31 v1.1i Standard LaTeX option (left equation numbers)
))
(/usr/local/texlive/2015/texmf-dist/tex/latex/tools/calc.sty
Package: calc 2014/10/28 v4.3 Infix arithmetic (KKT,FJ)
\calc@Acount=\count80
\calc@Bcount=\count81
\calc@Adimen=\dimen112
\calc@Bdimen=\dimen113
\calc@Askip=\skip43
\calc@Bskip=\skip44
LaTeX Info: Redefining \setlength on input line 80.
LaTeX Info: Redefining \addtolength on input line 81.
\calc@Ccount=\count82
\calc@Cskip=\skip45
)
(/usr/local/texlive/2015/texmf-dist/tex/latex/lastpage/lastpage.sty
Package: lastpage 2015/03/29 v1.2m Refers to last page's name (HMM; JPG)
)
(/usr/local/texlive/2015/texmf-dist/tex/latex/graphics/color.sty
Package: color 2014/10/28 v1.1a Standard LaTeX Color (DPC)

(/usr/local/texlive/2015/texmf-dist/tex/latex/latexconfig/color.cfg
File: color.cfg 2007/01/18 v1.5 color configuration of teTeX/TeXLive
)
Package color Info: Driver file: pdftex.def on input line 142.
)
(/usr/local/texlive/2015/texmf-dist/tex/latex/endnotes/endnotes.sty
\c@endnote=\count83
\endnotesep=\dimen114
\@enotes=\write3
)
(/usr/local/texlive/2015/texmf-dist/tex/latex/amsmath/amsmath.sty
Package: amsmath 2013/01/14 v2.14 AMS math features
\@mathmargin=\skip46

For additional information on amsmath, use the `?' option.
(/usr/local/texlive/2015/texmf-dist/tex/latex/amsmath/amstext.sty
Package: amstext 2000/06/29 v2.01

(/usr/local/texlive/2015/texmf-dist/tex/latex/amsmath/amsgen.sty
File: amsgen.sty 1999/11/30 v2.0
\@emptytoks=\toks15
\ex@=\dimen115
))
(/usr/local/texlive/2015/texmf-dist/tex/latex/amsmath/amsbsy.sty
Package: amsbsy 1999/11/29 v1.2d
\pmbraise@=\dimen116
)
(/usr/local/texlive/2015/texmf-dist/tex/latex/amsmath/amsopn.sty
Package: amsopn 1999/12/14 v2.01 operator names
)
\inf@bad=\count84
LaTeX Info: Redefining \frac on input line 210.
\uproot@=\count85
\leftroot@=\count86
LaTeX Info: Redefining \overline on input line 306.
\classnum@=\count87
\DOTSCASE@=\count88
LaTeX Info: Redefining \ldots on input line 378.
LaTeX Info: Redefining \dots on input line 381.
LaTeX Info: Redefining \cdots on input line 466.
\Mathstrutbox@=\box26
\strutbox@=\box27
\big@size=\dimen117
LaTeX Font Info:    Redeclaring font encoding OML on input line 566.
LaTeX Font Info:    Redeclaring font encoding OMS on input line 567.
\macc@depth=\count89
\c@MaxMatrixCols=\count90
\dotsspace@=\muskip10
\c@parentequation=\count91
\dspbrk@lvl=\count92
\tag@help=\toks16
\row@=\count93
\column@=\count94
\maxfields@=\count95
\andhelp@=\toks17
\eqnshift@=\dimen118
\alignsep@=\dimen119
\tagshift@=\dimen120
\tagwidth@=\dimen121
\totwidth@=\dimen122
\lineht@=\dimen123
\@envbody=\toks18
\multlinegap=\skip47
\multlinetaggap=\skip48
\mathdisplay@stack=\toks19
LaTeX Info: Redefining \[ on input line 2665.
LaTeX Info: Redefining \] on input line 2666.
)
(/usr/local/texlive/2015/texmf-dist/tex/latex/amsfonts/amsfonts.sty
Package: amsfonts 2013/01/14 v3.01 Basic AMSFonts support
\symAMSa=\mathgroup4
\symAMSb=\mathgroup5
LaTeX Font Info:    Overwriting math alphabet `\mathfrak' in version `bold'
(Font)                  U/euf/m/n --> U/euf/b/n on input line 106.
)
(/usr/local/texlive/2015/texmf-dist/tex/latex/amsfonts/amssymb.sty
Package: amssymb 2013/01/14 v3.01 AMS font symbols
)
(/usr/local/texlive/2015/texmf-dist/tex/latex/tools/bm.sty
Package: bm 2014/10/28 v1.1c Bold Symbol Support (DPC/FMi)
\symboldoperators=\mathgroup6
\symboldletters=\mathgroup7
\symboldsymbols=\mathgroup8
LaTeX Font Info:    Redeclaring math alphabet \mathbf on input line 141.
LaTeX Info: Redefining \bm on input line 207.
)
(/usr/local/texlive/2015/texmf-dist/tex/latex/base/latexsym.sty
Package: latexsym 1998/08/17 v2.2e Standard LaTeX package (lasy symbols)
\symlasy=\mathgroup9
LaTeX Font Info:    Overwriting symbol font `lasy' in version `bold'
(Font)                  U/lasy/m/n --> U/lasy/b/n on input line 52.
)
(/usr/local/texlive/2015/texmf-dist/tex/latex/base/fontenc.sty
Package: fontenc 2005/09/27 v1.99g Standard LaTeX package

(/usr/local/texlive/2015/texmf-dist/tex/latex/ly1/ly1enc.def
File: ly1enc.def 2009/07/22 v0.7 TeX 'n ANSI encoding (DPC/KB)
)
LaTeX Font Info:    Try loading font information for LY1+ptm on input line 105.


(/usr/local/texlive/2015/texmf-dist/tex/latex/ly1/ly1ptm.fd
File: ly1ptm.fd 2001/02/01 font definitions for LY1/ptm using Berry names.
))
(/usr/local/texlive/2015/texmf-dist/tex/latex/base/size10.clo
File: size10.clo 2014/09/29 v1.4h Standard LaTeX file (size option)
)
\markwidth=\dimen124
\blth=\dimen125
\marklength=\dimen126
\markdistance=\dimen127
\trimwidth=\dimen128
\trimheight=\dimen129
\auxaaa=\dimen130
\auxbbb=\dimen131
\auxccc=\dimen132
\auxddd=\dimen133
\t@abstract=\box28
\t@receivedname=\box29
\temptbox=\box30
\tempdime=\dimen134
\t@bio=\box31

(/usr/local/texlive/2015/texmf-dist/tex/latex/tools/theorem.sty
Package: theorem 2014/10/28 v2.2c Theorem extension package (FMi)
\theorem@style=\toks20
\theorem@bodyfont=\toks21
\theorempreskipamount=\skip49
\theorempostskipamount=\skip50

(/usr/local/texlive/2015/texmf-dist/tex/latex/tools/thp.sty
File: thp.sty 2014/10/28 v2.2c Theorem extension package (FMi)
))
\c@part=\count96
\c@section=\count97
\c@subsection=\count98
\c@subsubsection=\count99
\c@paragraph=\count100
\c@subparagraph=\count101
\mathindent=\dimen135
\mathindent=\dimen136
\c@figure=\count102
\c@table=\count103
\abovecaptionskip=\skip51
\belowcaptionskip=\skip52
\@tempboxb=\box32
\boxH=\box33
\boxHrunin=\box34
\temptbox=\box35
\temptboxA=\box36
\tempdime=\dimen137
\tempdimeA=\dimen138
\rboxh=\dimen139
\rboxw=\dimen140
)
(/usr/local/texlive/2015/texmf-dist/tex/latex/natbib/natbib.sty
Package: natbib 2010/09/13 8.31b (PWD, AO)
\bibhang=\skip53
\bibsep=\skip54
LaTeX Info: Redefining \cite on input line 694.
\c@NAT@ctr=\count104
)
(/usr/local/texlive/2015/texmf-dist/tex/latex/sttools/stfloats.sty
Package: stfloats 2012/05/29 v1.1 Improve float mechanism and baselineskip sett
ings
\@dblbotnum=\count105
\c@dblbotnumber=\count106
)
(/usr/local/texlive/2015/texmf-dist/tex/latex/jknapltx/mathrsfs.sty
Package: mathrsfs 1996/01/01 Math RSFS package v1.0 (jk)
\symrsfs=\mathgroup10
)
\c@lemma=\count107
\c@algorithm=\count108
\c@definition=\count109
\c@question=\count110
\c@remark=\count111
\c@scheme=\count112
\c@case=\count113

(./sample (single col).aux

Package natbib Warning: Citation `myneni10col' multiply defined.

)
\openout1 = `"sample (single col).aux"'.

LaTeX Font Info:    Checking defaults for OML/cmm/m/it on input line 54.
LaTeX Font Info:    ... okay on input line 54.
LaTeX Font Info:    Checking defaults for T1/cmr/m/n on input line 54.
LaTeX Font Info:    ... okay on input line 54.
LaTeX Font Info:    Checking defaults for OT1/cmr/m/n on input line 54.
LaTeX Font Info:    ... okay on input line 54.
LaTeX Font Info:    Checking defaults for OMS/cmsy/m/n on input line 54.
LaTeX Font Info:    ... okay on input line 54.
LaTeX Font Info:    Checking defaults for OMX/cmex/m/n on input line 54.
LaTeX Font Info:    ... okay on input line 54.
LaTeX Font Info:    Checking defaults for U/cmr/m/n on input line 54.
LaTeX Font Info:    ... okay on input line 54.
LaTeX Font Info:    Checking defaults for LY1/ptm/m/n on input line 54.
LaTeX Font Info:    ... okay on input line 54.
 (/usr/local/texlive/2015/texmf-dist/tex/context/base/supp-pdf.mkii
[Loading MPS to PDF converter (version 2006.09.02).]
\scratchcounter=\count114
\scratchdimen=\dimen141
\scratchbox=\box37
\nofMPsegments=\count115
\nofMParguments=\count116
\everyMPshowfont=\toks22
\MPscratchCnt=\count117
\MPscratchDim=\dimen142
\MPnumerator=\count118
\makeMPintoPDFobject=\count119
\everyMPtoPDFconversion=\toks23
) (/usr/local/texlive/2015/texmf-dist/tex/generic/oberdiek/pdftexcmds.sty
Package: pdftexcmds 2011/11/29 v0.20 Utility functions of pdfTeX for LuaTeX (HO
)

(/usr/local/texlive/2015/texmf-dist/tex/generic/oberdiek/ifluatex.sty
Package: ifluatex 2010/03/01 v1.3 Provides the ifluatex switch (HO)
Package ifluatex Info: LuaTeX not detected.
)
(/usr/local/texlive/2015/texmf-dist/tex/generic/oberdiek/ifpdf.sty
Package: ifpdf 2011/01/30 v2.3 Provides the ifpdf switch (HO)
Package ifpdf Info: pdfTeX in PDF mode is detected.
)
Package pdftexcmds Info: LuaTeX not detected.
Package pdftexcmds Info: \pdf@primitive is available.
Package pdftexcmds Info: \pdf@ifprimitive is available.
Package pdftexcmds Info: \pdfdraftmode found.
)
(/usr/local/texlive/2015/texmf-dist/tex/latex/oberdiek/epstopdf-base.sty
Package: epstopdf-base 2010/02/09 v2.5 Base part for package epstopdf

(/usr/local/texlive/2015/texmf-dist/tex/latex/oberdiek/grfext.sty
Package: grfext 2010/08/19 v1.1 Manage graphics extensions (HO)

(/usr/local/texlive/2015/texmf-dist/tex/generic/oberdiek/kvdefinekeys.sty
Package: kvdefinekeys 2011/04/07 v1.3 Define keys (HO)
))
(/usr/local/texlive/2015/texmf-dist/tex/latex/oberdiek/kvoptions.sty
Package: kvoptions 2011/06/30 v3.11 Key value format for package options (HO)

(/usr/local/texlive/2015/texmf-dist/tex/latex/graphics/keyval.sty
Package: keyval 2014/10/28 v1.15 key=value parser (DPC)
\KV@toks@=\toks24
)
(/usr/local/texlive/2015/texmf-dist/tex/generic/oberdiek/kvsetkeys.sty
Package: kvsetkeys 2012/04/25 v1.16 Key value parser (HO)

(/usr/local/texlive/2015/texmf-dist/tex/generic/oberdiek/etexcmds.sty
Package: etexcmds 2011/02/16 v1.5 Avoid name clashes with e-TeX commands (HO)
Package etexcmds Info: Could not find \expanded.
(etexcmds)             That can mean that you are not using pdfTeX 1.50 or
(etexcmds)             that some package has redefined \expanded.
(etexcmds)             In the latter case, load this package earlier.
)))
Package grfext Info: Graphics extension search list:
(grfext)             [.png,.pdf,.jpg,.mps,.jpeg,.jbig2,.jb2,.PNG,.PDF,.JPG,.JPE
G,.JBIG2,.JB2,.eps]
(grfext)             \AppendGraphicsExtensions on input line 452.

(/usr/local/texlive/2015/texmf-dist/tex/latex/latexconfig/epstopdf-sys.cfg
File: epstopdf-sys.cfg 2010/07/13 v1.3 Configuration of (r)epstopdf for TeX Liv
e
))
Package lastpage Info: Please have a look at the pageslts package at
(lastpage)             https://www.ctan.org/pkg/pageslts
(lastpage)             ! on input line 54.
LaTeX Font Info:    Try loading font information for U+msa on input line 70.

(/usr/local/texlive/2015/texmf-dist/tex/latex/amsfonts/umsa.fd
File: umsa.fd 2013/01/14 v3.01 AMS symbols A
)
LaTeX Font Info:    Try loading font information for U+msb on input line 70.

(/usr/local/texlive/2015/texmf-dist/tex/latex/amsfonts/umsb.fd
File: umsb.fd 2013/01/14 v3.01 AMS symbols B
)
LaTeX Font Info:    Try loading font information for U+lasy on input line 70.

(/usr/local/texlive/2015/texmf-dist/tex/latex/base/ulasy.fd
File: ulasy.fd 1998/08/17 v2.2e LaTeX symbol font definitions
)
LaTeX Font Info:    Try loading font information for U+rsfs on input line 70.

(/usr/local/texlive/2015/texmf-dist/tex/latex/jknapltx/ursfs.fd
File: ursfs.fd 1998/03/24 rsfs font definition file (jk)
)
Overfull \hbox (24.0pt too wide) in paragraph at lines 149--149
[][]|  
 []


Underfull \hbox (badness 2521) in paragraph at lines 149--149
 |\LY1/ptm/b/n/9 Keywords: \LY1/ptm/m/n/9 Metadata; Scientific Data Management;
 Data Sharing; Data 
 []

[1

{/usr/local/texlive/2015/texmf-var/fonts/map/pdftex/updmap/pdftex.map}]
Overfull \hbox (24.0pt too wide) in paragraph at lines 149--149
|[]  
 []


Underfull \hbox (badness 1448) in paragraph at lines 165--185
[]\LY1/ptm/m/n/10 To support large scale collaborative biomedical research, NIH
 provides large-
 []


Underfull \hbox (badness 3302) in paragraph at lines 165--185
\LY1/ptm/m/n/10 to synergize and integrate their efforts, and the awards mandat
e the research
 []


Underfull \hbox (badness 3690) in paragraph at lines 165--185
\LY1/ptm/m/n/10 results and data to be shared NIH Statement on Sharing Scientif
ic Research
 []


Underfull \hbox (badness 10000) in paragraph at lines 165--185
\LY1/ptm/m/n/10 Data (http://grants.nih.gov/grants/policy/data_sharing/); Polic
y for sharing of
 []


Underfull \hbox (badness 3118) in paragraph at lines 165--185
\LY1/ptm/m/n/10 data obtained in NIH supported or conducted genome-wide associa
tion studies
 []


Underfull \hbox (badness 6236) in paragraph at lines 165--185
\LY1/ptm/m/n/10 (2008). The Network for Translational Research (NTR): Optical I
maging in
 []


Underfull \hbox (badness 10000) in paragraph at lines 165--185
\LY1/ptm/m/n/10 in Multimodality Platforms (http://imaging.cancer.gov/programsa
ndresources/speci
 []


Underfull \hbox (badness 2538) in paragraph at lines 165--185
\LY1/ptm/m/n/10 alizedinitiatives/ntroi) is one of such collaborative projects 
on the development,
 []


Underfull \hbox (badness 10000) has occurred while \output is active
\LY1/ptm/m/n/10 2| \LY1/ptm/m/it/10 F. Wang et al.
 []


Overfull \hbox (2.5pt too wide) has occurred while \output is active
|[][]
 []

[2]
Underfull \hbox (badness 3449) in paragraph at lines 238--255
\LY1/ptm/m/n/10 datasets hosted at a single location in a common schema. For ex
ample, the
 []


Underfull \hbox (badness 1845) in paragraph at lines 238--255
\LY1/ptm/m/n/10 Cancer Genome Atlas (TCGA) Data Portal The Cancer Genome Atlas 
(TCGA)
 []


Underfull \hbox (badness 1845) in paragraph at lines 238--255
\LY1/ptm/m/n/10 Data Portal (http://cancergenome.nih.gov/dataportal) manages ge
nome related data;
 []


Underfull \hbox (badness 10000) in paragraph at lines 238--255
\LY1/ptm/m/n/10 National Biomedical Imaging Archive National Biomedical Imaging
 Archive
 []


Overfull \hbox (2.5pt too wide) has occurred while \output is active
|[][]
 []

[3]
Underfull \hbox (badness 10000) has occurred while \output is active
\LY1/ptm/m/n/10 4| \LY1/ptm/m/it/10 F. Wang et al.
 []


Overfull \hbox (2.5pt too wide) has occurred while \output is active
|[][]
 []

[4]
Overfull \hbox (2.5pt too wide) has occurred while \output is active
|[][]
 []

[5]
Underfull \hbox (badness 10000) has occurred while \output is active
\LY1/ptm/m/n/10 6| \LY1/ptm/m/it/10 F. Wang et al.
 []


Overfull \hbox (2.5pt too wide) has occurred while \output is active
|[][]
 []

[6]
Overfull \hbox (2.5pt too wide) has occurred while \output is active
|[][]
 []

[7]
Underfull \hbox (badness 10000) has occurred while \output is active
\LY1/ptm/m/n/10 8| \LY1/ptm/m/it/10 F. Wang et al.
 []


Overfull \hbox (2.5pt too wide) has occurred while \output is active
|[][]
 []

[8]
Overfull \hbox (2.5pt too wide) has occurred while \output is active
|[][]
 []

[9]
Underfull \hbox (badness 10000) has occurred while \output is active
\LY1/ptm/m/n/10 10| \LY1/ptm/m/it/10 F. Wang et al.
 []


Overfull \hbox (2.5pt too wide) has occurred while \output is active
|[][]
 []

[10]
Overfull \hbox (2.5pt too wide) has occurred while \output is active
|[][]
 []

[11]
Underfull \hbox (badness 10000) has occurred while \output is active
\LY1/ptm/m/n/10 12| \LY1/ptm/m/it/10 F. Wang et al.
 []


Overfull \hbox (2.5pt too wide) has occurred while \output is active
|[][]
 []

[12]
Overfull \hbox (2.5pt too wide) has occurred while \output is active
|[][]
 []

[13]
Underfull \hbox (badness 10000) has occurred while \output is active
\LY1/ptm/m/n/10 14| \LY1/ptm/m/it/10 F. Wang et al.
 []


Overfull \hbox (2.5pt too wide) has occurred while \output is active
|[][]
 []

[14]
Overfull \hbox (2.5pt too wide) has occurred while \output is active
|[][]
 []

[15]
Underfull \hbox (badness 1331) in paragraph at lines 1139--1143
[]\LY1/ptm/b/n/10 Integration with Other Systems. \LY1/ptm/m/n/10 In the past, 
we also worked on extending
 []


Underfull \hbox (badness 1067) in paragraph at lines 1139--1143
\LY1/ptm/m/n/10 SciPort so data managed in SciPort could be integrated into oth
er infrastructures
 []


Package natbib Warning: Citation `lee09' on page 16 undefined on input line 115
3.


Underfull \hbox (badness 10000) has occurred while \output is active
\LY1/ptm/m/n/10 16| \LY1/ptm/m/it/10 F. Wang et al.
 []


Overfull \hbox (2.5pt too wide) has occurred while \output is active
|[][]
 []

[16]

Package natbib Warning: Citation `mygrid' on page 17 undefined on input line 11
70.


Underfull \hbox (badness 10000) in paragraph at lines 1161--1178
[]\LY1/ptm/m/n/10 With the increasing collaboration of scientific research, col
laborative
 []


Underfull \hbox (badness 1383) in paragraph at lines 1161--1178
\LY1/ptm/m/n/10 Grid (http://caBIG.nci.nih.gov/), Biomedical Informatics Resear
ch Network (BIRN)
 []


Underfull \hbox (badness 2547) in paragraph at lines 1161--1178
\LY1/ptm/m/n/10 to integrate existing computing and data resources. They rely o
n a top down
 []


Underfull \hbox (badness 3612) in paragraph at lines 1161--1178
\LY1/ptm/m/n/10 common data structures. The iPlant Collaborative (iPC) Cyberinf
rastructure for
 []


Underfull \hbox (badness 2409) in paragraph at lines 1161--1178
\LY1/ptm/m/n/10 the Biological Sciences: Plant Science Cyberinfrastructure Coll
aborative (PSCIC)
 []


Underfull \hbox (badness 1521) in paragraph at lines 1179--1183
[]\LY1/ptm/m/n/10 While Grid based systems are more used on sharing computing a
nd storage
 []


Overfull \hbox (2.5pt too wide) has occurred while \output is active
|[][]
 []

[17]
Overfull \hbox (36.97008pt too wide) in paragraph at lines 1259--1261
[]\LY1/ptm/m/n/10 NIH Statement on Sharing Scientific Research Data, http://gra
nts.nih.gov/grants/policy/data_sharing/ 
 []


Underfull \hbox (badness 10000) in paragraph at lines 1286--1289
[]\LY1/ptm/m/n/10 Data Sharing & Intellectual Capital (DSIC) Workspace,
 []


Underfull \hbox (badness 10000) in paragraph at lines 1292--1294
[]\LY1/ptm/m/n/10 Getting Connected with caBIG, https://cabig.nci.nih.gov/
 []


Underfull \hbox (badness 2096) in paragraph at lines 1317--1320
[]\LY1/ptm/m/n/10 Cyberinfrastructure for the Biological Sciences: Plant Scienc
e Cyberinfrastructure
 []


Underfull \hbox (badness 10000) has occurred while \output is active
\LY1/ptm/m/n/10 18| \LY1/ptm/m/it/10 F. Wang et al.
 []


Overfull \hbox (2.5pt too wide) has occurred while \output is active
|[][]
 []

[18]
Underfull \hbox (badness 1226) in paragraph at lines 1335--1337
[]\LY1/ptm/m/n/10 Taylor, N.E. and Ives, Z.G. (2006) `Reconciling while tolerat
ing disagreement in
 []


AED: lastpage setting LastPage

Overfull \hbox (2.5pt too wide) has occurred while \output is active
|[][]
 []

[19]

Package natbib Warning: There were undefined citations.


Package natbib Warning: There were multiply defined citations.

(./sample (single col).aux

Package natbib Warning: Citation(s) may have changed.
(natbib)                Rerun to get citations correct.

)

LaTeX Warning: Label(s) may have changed. Rerun to get cross-references right.

 ) 
Here is how much of TeX's memory you used:
 4014 strings out of 493054
 51454 string characters out of 6134759
 117856 words of memory out of 5000000
 7420 multiletter control sequences out of 15000+600000
 26531 words of font info for 70 fonts, out of 8000000 for 9000
 1141 hyphenation exceptions out of 8191
 38i,15n,27p,1344b,385s stack positions out of 5000i,500n,10000p,200000b,80000s
{/usr/local/texlive/2015/texmf-dist/fonts/enc/dvips/ly1/texnansi.enc}</usr/lo
cal/texlive/2015/texmf-dist/fonts/type1/public/amsfonts/cm/cmmi7.pfb></usr/loca
l/texlive/2015/texmf-dist/fonts/type1/public/amsfonts/cm/cmr7.pfb></usr/local/t
exlive/2015/texmf-dist/fonts/type1/public/amsfonts/cm/cmsy10.pfb></usr/local/te
xlive/2015/texmf-dist/fonts/type1/urw/times/utmb8a.pfb></usr/local/texlive/2015
/texmf-dist/fonts/type1/urw/times/utmr8a.pfb></usr/local/texlive/2015/texmf-dis
t/fonts/type1/urw/times/utmri8a.pfb>
Output written on "sample (single col).pdf" (19 pages, 129597 bytes).
PDF statistics:
 91 PDF objects out of 1000 (max. 8388607)
 63 compressed objects within 1 object stream
 0 named destinations out of 1000 (max. 500000)
 1 words of extra memory for PDF output out of 10000 (max. 10000000)

